<?xml version="1.0" encoding="UTF-8"?>
<testng-results skipped="0" failed="0" ignored="0" total="3" passed="3">
  <reporter-output>
  </reporter-output>
  <suite name="Suite" duration-ms="46911" started-at="2020-05-25T12:42:02 IST" finished-at="2020-05-25T12:42:49 IST">
    <groups>
    </groups>
    <test name="Test on Home Page" duration-ms="25660" started-at="2020-05-25T12:42:02 IST" finished-at="2020-05-25T12:42:28 IST">
      <class name="Academy.E2EProject.Home">
        <test-method status="PASS" signature="initializeAndOpenStore()[pri:0, instance:Academy.E2EProject.Home@fba92d3]" name="initializeAndOpenStore" is-config="true" duration-ms="17207" started-at="2020-05-25T12:42:02 IST" finished-at="2020-05-25T12:42:19 IST">
          <reporter-output>
          </reporter-output>
        </test-method> <!-- initializeAndOpenStore -->
        <test-method status="PASS" signature="headerContactUs(java.lang.String, java.lang.String, java.lang.String)[pri:0, instance:Academy.E2EProject.Home@fba92d3]" name="headerContactUs" duration-ms="6110" started-at="2020-05-25T12:42:19 IST" data-provider="getData" finished-at="2020-05-25T12:42:25 IST">
          <params>
            <param index="0">
              <value>
                <![CDATA[kundangaikwad5@gmail.com]]>
              </value>
            </param>
            <param index="1">
              <value>
                <![CDATA[100]]>
              </value>
            </param>
            <param index="2">
              <value>
                <![CDATA[We got a problem]]>
              </value>
            </param>
          </params>
          <reporter-output>
          </reporter-output>
        </test-method> <!-- headerContactUs -->
        <test-method status="PASS" signature="tearDown()[pri:0, instance:Academy.E2EProject.Home@fba92d3]" name="tearDown" is-config="true" duration-ms="2245" started-at="2020-05-25T12:42:25 IST" finished-at="2020-05-25T12:42:28 IST">
          <reporter-output>
          </reporter-output>
        </test-method> <!-- tearDown -->
      </class> <!-- Academy.E2EProject.Home -->
    </test> <!-- Test on Home Page -->
    <test name="Authentication" duration-ms="20373" started-at="2020-05-25T12:42:28 IST" finished-at="2020-05-25T12:42:49 IST">
      <class name="Academy.E2EProject.Authentication">
        <test-method status="PASS" signature="initializeAndOpenStore()[pri:0, instance:Academy.E2EProject.Authentication@7205765b]" name="initializeAndOpenStore" is-config="true" duration-ms="11100" started-at="2020-05-25T12:42:28 IST" finished-at="2020-05-25T12:42:39 IST">
          <reporter-output>
          </reporter-output>
        </test-method> <!-- initializeAndOpenStore -->
        <test-method status="PASS" signature="forgotPassword()[pri:0, instance:Academy.E2EProject.Authentication@7205765b]" name="forgotPassword" duration-ms="3725" started-at="2020-05-25T12:42:39 IST" finished-at="2020-05-25T12:42:43 IST">
          <reporter-output>
          </reporter-output>
        </test-method> <!-- forgotPassword -->
        <test-method status="PASS" signature="login(java.lang.String, java.lang.String)[pri:0, instance:Academy.E2EProject.Authentication@7205765b]" name="login" duration-ms="5541" started-at="2020-05-25T12:42:43 IST" data-provider="getData" finished-at="2020-05-25T12:42:49 IST">
          <params>
            <param index="0">
              <value>
                <![CDATA[kundangaikwad5@gmail.com]]>
              </value>
            </param>
            <param index="1">
              <value>
                <![CDATA[Pass@123456]]>
              </value>
            </param>
          </params>
          <reporter-output>
          </reporter-output>
        </test-method> <!-- login -->
      </class> <!-- Academy.E2EProject.Authentication -->
    </test> <!-- Authentication -->
  </suite> <!-- Suite -->
</testng-results>
